[ 2017-08-15T16:48:49+08:00 ] ::1 /blog/index.php/Uploads/2017-08-15/5992b16ce6cab.jpg
INFO: [ app_init ] --START--
INFO: Run Behavior\BuildLiteBehavior [ RunTime:0.000000s ]
INFO: [ app_init ] --END-- [ RunTime:0.001000s ]
ERR: 无法加载模块:Uploads

[ 2017-08-15T16:53:50+08:00 ] ::1 /blog/'.'
INFO: [ app_init ] --START--
INFO: Run Behavior\BuildLiteBehavior [ RunTime:0.000000s ]
INFO: [ app_init ] --END-- [ RunTime:0.001000s ]
ERR: 无法加载模块:'

[ 2017-08-15T16:53:50+08:00 ] ::1 /blog/'../Uploads/2017-08-15/5992b16ce6cab.jpg'
INFO: [ app_init ] --START--
INFO: Run Behavior\BuildLiteBehavior [ RunTime:0.000000s ]
INFO: [ app_init ] --END-- [ RunTime:0.001000s ]
ERR: 无法加载模块:'

[ 2017-08-15T16:58:10+08:00 ] ::1 /blog/+''
INFO: [ app_init ] --START--
INFO: Run Behavior\BuildLiteBehavior [ RunTime:0.000000s ]
INFO: [ app_init ] --END-- [ RunTime:0.001000s ]
ERR: 无法加载模块:+''

[ 2017-08-15T16:58:10+08:00 ] ::1 /blog/+'./Uploads/2017-08-15/5992b16ce6cab.jpg'
INFO: [ app_init ] --START--
INFO: Run Behavior\BuildLiteBehavior [ RunTime:0.000000s ]
INFO: [ app_init ] --END-- [ RunTime:0.001000s ]
ERR: 无法加载模块:+'

